Python 2.7.9 |Anaconda 2.2.0 (x86_64)| (default, Dec 15 2014, 10:37:34)
Type "copyright", "credits" or "license" for more information.

IPython 3.0.0 -- An enhanced Interactive Python.
Anaconda is brought to you by Continuum Analytics.
Please check out: http://continuum.io/thanks and https://binstar.org
?         -> Introduction and overview of IPython's features.
%quickref -> Quick reference.
help      -> Python's own help system.
object?   -> Details about 'object', use 'object??' for extra details.
%guiref   -> A brief reference about the graphical user interface.

In [1]: runfile('/Users/caiomsouza/Desktop/test_instagram.py', wdir='/Users/caiomsouza/Desktop')
Example of Getting the popular media from Instagram
https://scontent.cdninstagram.com/hphotos-xpa1/t51.2885-15/e15/10723888_1655803127998915_469986023_n.jpg
Traceback (most recent call last):

  File "<ipython-input-1-c1b851b57a43>", line 1, in <module>
    runfile('/Users/caiomsouza/Desktop/test_instagram.py', wdir='/Users/caiomsouza/Desktop')

  File "/Users/caiomsouza/anaconda/lib/python2.7/site-packages/spyderlib/widgets/externalshell/sitecustomize.py", line 682, in runfile
    execfile(filename, namespace)

  File "/Users/caiomsouza/anaconda/lib/python2.7/site-packages/spyderlib/widgets/externalshell/sitecustomize.py", line 78, in execfile
    builtins.execfile(filename, *where)

  File "/Users/caiomsouza/Desktop/test_instagram.py", line 32, in <module>
    print media.images.id

AttributeError: 'dict' object has no attribute 'id'


In [2]: runfile('/Users/caiomsouza/Desktop/test_instagram.py', wdir='/Users/caiomsouza/Desktop')
Example of Getting the popular media from Instagram
https://scontent.cdninstagram.com/hphotos-xfa1/t51.2885-15/e15/11426444_1601701440102263_1621538545_n.jpg
Traceback (most recent call last):

  File "<ipython-input-2-c1b851b57a43>", line 1, in <module>
    runfile('/Users/caiomsouza/Desktop/test_instagram.py', wdir='/Users/caiomsouza/Desktop')

  File "/Users/caiomsouza/anaconda/lib/python2.7/site-packages/spyderlib/widgets/externalshell/sitecustomize.py", line 682, in runfile
    execfile(filename, namespace)

  File "/Users/caiomsouza/anaconda/lib/python2.7/site-packages/spyderlib/widgets/externalshell/sitecustomize.py", line 78, in execfile
    builtins.execfile(filename, *where)

  File "/Users/caiomsouza/Desktop/test_instagram.py", line 32, in <module>
    print media.images.username

AttributeError: 'dict' object has no attribute 'username'


In [3]: runfile('/Users/caiomsouza/Desktop/test_instagram.py', wdir='/Users/caiomsouza/Desktop')
Example of Getting the popular media from Instagram
https://scontent.cdninstagram.com/hphotos-xfa1/t51.2885-15/s640x640/e35/sh0.08/11419292_861792057244118_981611790_n.jpg
https://scontent.cdninstagram.com/hphotos-xaf1/t51.2885-15/s640x640/e35/sh0.08/11249185_1615657378707405_2127046185_n.jpg
https://scontent.cdninstagram.com/hphotos-xfa1/t51.2885-15/e15/11419112_862484980503671_1707622676_n.jpg
https://scontent.cdninstagram.com/hphotos-xap1/t51.2885-15/s640x640/e35/sh0.08/10919703_1667795956788781_543693203_n.jpg
https://scontent.cdninstagram.com/hphotos-xfa1/t51.2885-15/e15/11410382_896150057106547_1935147948_n.jpg
https://scontent.cdninstagram.com/hphotos-xfa1/t51.2885-15/e15/11417297_908851372541808_327474716_n.jpg
https://scontent.cdninstagram.com/hphotos-xfa1/t51.2885-15/e15/924652_109102939433242_2037646038_n.jpg
https://scontent.cdninstagram.com/hphotos-xaf1/t51.2885-15/s640x640/e15/11378088_454899961348759_2023110360_n.jpg
https://scontent.cdninstagram.com/hphotos-xfa1/t51.2885-15/e15/11249822_1020572027952940_181954511_n.jpg
https://scontent.cdninstagram.com/hphotos-xaf1/t51.2885-15/s640x640/e15/11381415_876894565691008_1963414970_n.jpg
Let's try something more cool with the Instagram API
In this example we can search media by latitude and longitude
https://scontent.cdninstagram.com/hphotos-xaf1/t51.2885-15/e15/11351890_1469649190012513_49052925_n.jpg
https://scontent.cdninstagram.com/hphotos-xpa1/t51.2885-15/s640x640/e15/925673_803635476423628_1701807162_n.jpg
https://scontent.cdninstagram.com/hphotos-xpf1/t51.2885-15/s640x640/e15/10254130_1651360918411536_177977304_n.jpg
Now let's work with more cities - We will create a Location Matrix
Use the website http://mygeoposition.com to know your latitude and longitude.
Parque del Retiro, Calle Princesa, 27, 28008 Madrid, Madrid, Spain 40.4273640 -3.7141800
Rio de Janeiro - State of Rio de Janeiro, Brazil -22.9068470 -43.1728960
Ibiza, Balearic Islands, Spain 38.9067340 1.4205980
Florianópolis - State of Santa Catarina, Brazil -27.5953780 -48.5480500
Madrid 40.3985540 -3.6216730
Cotia -23.6026680 -46.9194690
Munich 48.1351250 11.5819810
Moscow 55.7558260 37.6173000
City:
Parque del Retiro, Calle Princesa, 27, 28008 Madrid, Madrid, Spain
Photo number:
1
https://scontent.cdninstagram.com/hphotos-xap1/t51.2885-15/s640x640/e35/sh0.08/915591_524804171029859_938113482_n.jpg
City:
Parque del Retiro, Calle Princesa, 27, 28008 Madrid, Madrid, Spain
Photo number:
2
https://scontent.cdninstagram.com/hphotos-xfa1/t51.2885-15/s640x640/e35/sh0.08/11247872_1589350627994986_1440533034_n.jpg
City:
Parque del Retiro, Calle Princesa, 27, 28008 Madrid, Madrid, Spain
Photo number:
3
https://scontent.cdninstagram.com/hphotos-xap1/t51.2885-15/s640x640/e35/sh0.08/10608156_1467182096930270_379185423_n.jpg
City:
Parque del Retiro, Calle Princesa, 27, 28008 Madrid, Madrid, Spain
Photo number:
4
https://scontent.cdninstagram.com/hphotos-xfa1/t51.2885-15/s640x640/e35/sh0.08/11417447_1646099465635016_1977248340_n.jpg
City:
Parque del Retiro, Calle Princesa, 27, 28008 Madrid, Madrid, Spain
Photo number:
5
https://scontent.cdninstagram.com/hphotos-xfa1/t51.2885-15/s640x640/e35/sh0.08/11372285_947256108630175_1803665237_n.jpg
City:
Rio de Janeiro - State of Rio de Janeiro, Brazil
Photo number:
6
https://scontent.cdninstagram.com/hphotos-xap1/t51.2885-15/e15/10249125_905690292823014_247118724_n.jpg
City:
Rio de Janeiro - State of Rio de Janeiro, Brazil
Photo number:
7
https://scontent.cdninstagram.com/hphotos-xaf1/t51.2885-15/s640x640/e35/sh0.08/11373633_724032514385658_1533762854_n.jpg
City:
Ibiza, Balearic Islands, Spain
Photo number:
8
https://scontent.cdninstagram.com/hphotos-xpa1/t51.2885-15/s640x640/e15/1725305_107781069565622_1691675826_n.jpg
City:
Ibiza, Balearic Islands, Spain
Photo number:
9
https://scontent.cdninstagram.com/hphotos-xaf1/t51.2885-15/s640x640/e35/sh0.08/11426245_903762476384342_711093257_n.jpg
City:
Ibiza, Balearic Islands, Spain
Photo number:
10
https://scontent.cdninstagram.com/hphotos-xfa1/t51.2885-15/s640x640/e35/sh0.08/11373530_133243183675399_426656683_n.jpg
City:
Ibiza, Balearic Islands, Spain
Photo number:
11
https://scontent.cdninstagram.com/hphotos-xfa1/t51.2885-15/e15/11430197_571669739640277_2052408550_n.jpg
City:
Ibiza, Balearic Islands, Spain
Photo number:
12
https://scontent.cdninstagram.com/hphotos-xaf1/t51.2885-15/s640x640/e35/sh0.08/11248374_435367466631807_1586035401_n.jpg
City:
Florianópolis - State of Santa Catarina, Brazil
Photo number:
13
https://scontent.cdninstagram.com/hphotos-xaf1/t51.2885-15/e15/11376250_387970951391968_734484490_n.jpg
City:
Florianópolis - State of Santa Catarina, Brazil
Photo number:
14
https://scontent.cdninstagram.com/hphotos-xfa1/t51.2885-15/s640x640/e15/11421869_1457802504539706_438028623_n.jpg
City:
Florianópolis - State of Santa Catarina, Brazil
Photo number:
15
https://scontent.cdninstagram.com/hphotos-xfa1/t51.2885-15/e15/923764_507274086091877_1491898892_n.jpg
City:
Florianópolis - State of Santa Catarina, Brazil
Photo number:
16
https://scontent.cdninstagram.com/hphotos-xaf1/t51.2885-15/e15/11379759_737085249735669_1896202863_n.jpg
City:
Florianópolis - State of Santa Catarina, Brazil
Photo number:
17
https://scontent.cdninstagram.com/hphotos-xfa1/t51.2885-15/s640x640/e35/sh0.08/11426732_111371275871509_1762314355_n.jpg
City:
Madrid
Photo number:
18
https://scontent.cdninstagram.com/hphotos-xaf1/t51.2885-15/e15/11351890_1469649190012513_49052925_n.jpg
City:
Madrid
Photo number:
19
https://scontent.cdninstagram.com/hphotos-xpa1/t51.2885-15/s640x640/e15/925673_803635476423628_1701807162_n.jpg
City:
Madrid
Photo number:
20
https://scontent.cdninstagram.com/hphotos-xpf1/t51.2885-15/s640x640/e15/10254130_1651360918411536_177977304_n.jpg
City:
Cotia
Photo number:
21
https://scontent.cdninstagram.com/hphotos-xaf1/t51.2885-15/s640x640/e35/sh0.08/11376094_1611316765820811_1244849057_n.jpg
City:
Cotia
Photo number:
22
https://scontent.cdninstagram.com/hphotos-xaf1/t51.2885-15/s640x640/e35/sh0.08/11251005_874865689235883_2105461297_n.jpg
City:
Cotia
Photo number:
23
https://scontent.cdninstagram.com/hphotos-xap1/t51.2885-15/s640x640/e35/sh0.08/10507839_393575170833050_963304851_n.jpg
City:
Cotia
Photo number:
24
https://scontent.cdninstagram.com/hphotos-xpf1/t51.2885-15/e15/1517197_471008259739039_1015842368_n.jpg
City:
Cotia
Photo number:
25
https://scontent.cdninstagram.com/hphotos-xfa1/t51.2885-15/e15/11378780_1619592558319100_321459841_n.jpg
City:
Munich
Photo number:
26
https://scontent.cdninstagram.com/hphotos-xpf1/t51.2885-15/s640x640/e15/1597409_891486964232838_1413071402_n.jpg
City:
Munich
Photo number:
27
https://scontent.cdninstagram.com/hphotos-xaf1/t51.2885-15/s640x640/e35/sh0.08/11379745_474338679396761_1790423827_n.jpg
City:
Munich
Photo number:
28
https://scontent.cdninstagram.com/hphotos-xfa1/t51.2885-15/s640x640/e15/11328287_1461046987524789_1894814094_n.jpg
City:
Munich
Photo number:
29
https://scontent.cdninstagram.com/hphotos-xaf1/t51.2885-15/s640x640/e35/sh0.08/11267388_1495796004045880_7212615_n.jpg
City:
Munich
Photo number:
30
https://scontent.cdninstagram.com/hphotos-xfp1/t51.2885-15/s640x640/e35/sh0.08/1209714_1608321199451154_1230303482_n.jpg
City:
Moscow
Photo number:
31
https://scontent.cdninstagram.com/hphotos-xaf1/t51.2885-15/s640x640/e35/sh0.08/11376133_441871729271132_1028972393_n.jpg
City:
Moscow
Photo number:
32
https://scontent.cdninstagram.com/hphotos-xat1/t51.2885-15/s640x640/e35/sh0.08/10832256_877343505634421_1878812469_n.jpg
City:
Moscow
Photo number:
33
https://scontent.cdninstagram.com/hphotos-xpa1/t51.2885-15/e15/928897_1135857376430887_898669258_n.jpg
City:
Moscow
Photo number:
34
https://scontent.cdninstagram.com/hphotos-xfa1/t51.2885-15/s640x640/e35/sh0.08/11427260_913609078699176_625661046_n.jpg
That's it. Enjoy it

In [4]: runfile('/Users/caiomsouza/git/github.com/instagram-api/python/instagram_api.py', wdir='/Users/caiomsouza/git/github.com/instagram-api/python')
Example of Getting the popular media from Instagram
https://scontent.cdninstagram.com/hphotos-xfa1/t51.2885-15/e15/11426648_1647874588762906_577956768_n.jpg
https://scontent.cdninstagram.com/hphotos-xaf1/t51.2885-15/e15/11264523_1593405480921518_1312842909_n.jpg
https://scontent.cdninstagram.com/hphotos-xfp1/t51.2885-15/s640x640/e35/sh0.08/10985995_708428142595584_44084491_n.jpg
https://scontent.cdninstagram.com/hphotos-xpa1/t51.2885-15/e15/10632563_1674772159411247_1093710367_n.jpg
https://scontent.cdninstagram.com/hphotos-xfa1/t51.2885-15/s640x640/e35/sh0.08/11325674_871989856169552_367740573_n.jpg
https://scontent.cdninstagram.com/hphotos-xfp1/t51.2885-15/s640x640/e35/sh0.08/10326555_925404500831084_1382062880_n.jpg
https://scontent.cdninstagram.com/hphotos-xaf1/t51.2885-15/s640x640/e35/sh0.08/11244798_646834712118468_1876777622_n.jpg
https://scontent.cdninstagram.com/hphotos-xaf1/t51.2885-15/s640x640/e35/sh0.08/11378514_689376317860226_1272972567_n.jpg
https://scontent.cdninstagram.com/hphotos-xaf1/t51.2885-15/s640x640/e15/11287792_1461652524155425_699801064_n.jpg
https://scontent.cdninstagram.com/hphotos-xpt1/t51.2885-15/e15/1516466_885568264843328_1448927961_n.jpg
Let's try something more cool with the Instagram API
In this example we can search media by latitude and longitude
https://scontent.cdninstagram.com/hphotos-xaf1/t51.2885-15/s640x640/e35/sh0.08/11376438_1465050997142620_1424922501_n.jpg
https://scontent.cdninstagram.com/hphotos-xfp1/t51.2885-15/s640x640/e15/10005283_834706466621040_1069949392_n.jpg
https://scontent.cdninstagram.com/hphotos-xaf1/t51.2885-15/s640x640/e35/sh0.08/11351587_378060845723458_1462819623_n.jpg
https://scontent.cdninstagram.com/hphotos-xpf1/t51.2885-15/s640x640/e15/10809973_1445943329048647_1647953144_n.jpg
https://scontent.cdninstagram.com/hphotos-xaf1/t51.2885-15/e15/11380927_446487902197675_1376565000_n.jpg
Now let's work with more cities - We will create a Location Matrix
Use the website http://mygeoposition.com to know your latitude and longitude.
Parque del Retiro, Calle Princesa, 27, 28008 Madrid, Madrid, Spain 40.4273640 -3.7141800
Rio de Janeiro - State of Rio de Janeiro, Brazil -22.9068470 -43.1728960
Ibiza, Balearic Islands, Spain 38.9067340 1.4205980
Florianópolis - State of Santa Catarina, Brazil -27.5953780 -48.5480500
Madrid 40.3985540 -3.6216730
Cotia -23.6026680 -46.9194690
Munich 48.1351250 11.5819810
Moscow 55.7558260 37.6173000
City:
Parque del Retiro, Calle Princesa, 27, 28008 Madrid, Madrid, Spain
Photo number:
1
https://scontent.cdninstagram.com/hphotos-xaf1/t51.2885-15/s640x640/e35/sh0.08/11266423_1596468117274646_1921970894_n.jpg
City:
Parque del Retiro, Calle Princesa, 27, 28008 Madrid, Madrid, Spain
Photo number:
2
https://scontent.cdninstagram.com/hphotos-xap1/t51.2885-15/s640x640/e35/sh0.08/10731640_1450735768563824_975937522_n.jpg
City:
Parque del Retiro, Calle Princesa, 27, 28008 Madrid, Madrid, Spain
Photo number:
3
https://scontent.cdninstagram.com/hphotos-xaf1/t51.2885-15/s640x640/e15/11378433_922422731130295_386075657_n.jpg
City:
Parque del Retiro, Calle Princesa, 27, 28008 Madrid, Madrid, Spain
Photo number:
4
https://scontent.cdninstagram.com/hphotos-xap1/t51.2885-15/s640x640/e35/sh0.08/10665543_706436142791099_906892314_n.jpg
City:
Rio de Janeiro - State of Rio de Janeiro, Brazil
Photo number:
5
https://scontent.cdninstagram.com/hphotos-xaf1/t51.2885-15/e15/11358219_924264627646606_1753929879_n.jpg
City:
Rio de Janeiro - State of Rio de Janeiro, Brazil
Photo number:
6
https://scontent.cdninstagram.com/hphotos-xaf1/t51.2885-15/s640x640/e35/sh0.08/11378871_425038871014902_1996294381_n.jpg
City:
Rio de Janeiro - State of Rio de Janeiro, Brazil
Photo number:
7
https://scontent.cdninstagram.com/hphotos-xfa1/t51.2885-15/e15/11420921_732145256907969_1517963756_n.jpg
City:
Rio de Janeiro - State of Rio de Janeiro, Brazil
Photo number:
8
https://scontent.cdninstagram.com/hphotos-xaf1/t51.2885-15/e15/11351592_1627057197538465_290443944_n.jpg
City:
Rio de Janeiro - State of Rio de Janeiro, Brazil
Photo number:
9
https://scontent.cdninstagram.com/hphotos-xfa1/t51.2885-15/s640x640/e15/11352944_1605211806383626_1404029141_n.jpg
City:
Ibiza, Balearic Islands, Spain
Photo number:
10
https://scontent.cdninstagram.com/hphotos-xat1/t51.2885-15/e15/1516512_1649120001970737_811809440_n.jpg
City:
Ibiza, Balearic Islands, Spain
Photo number:
11
https://scontent.cdninstagram.com/hphotos-xaf1/t51.2885-15/s640x640/e35/sh0.08/11417328_1446750725631912_578237258_n.jpg
City:
Ibiza, Balearic Islands, Spain
Photo number:
12
https://scontent.cdninstagram.com/hphotos-xfa1/t51.2885-15/e15/11426174_1002442773113270_100783595_n.jpg
City:
Ibiza, Balearic Islands, Spain
Photo number:
13
https://scontent.cdninstagram.com/hphotos-xaf1/t51.2885-15/s640x640/e35/sh0.08/11241499_637656416371477_56830042_n.jpg
City:
Ibiza, Balearic Islands, Spain
Photo number:
14
https://scontent.cdninstagram.com/hphotos-xfa1/t51.2885-15/s640x640/e35/sh0.08/11417300_102671880080282_1410823012_n.jpg
City:
Florianópolis - State of Santa Catarina, Brazil
Photo number:
15
https://scontent.cdninstagram.com/hphotos-xaf1/t51.2885-15/e15/11379769_1011743998838692_1187599748_n.jpg
City:
Florianópolis - State of Santa Catarina, Brazil
Photo number:
16
https://scontent.cdninstagram.com/hphotos-xfp1/t51.2885-15/s640x640/e35/sh0.08/1389415_1460105920951711_1103520787_n.jpg
City:
Florianópolis - State of Santa Catarina, Brazil
Photo number:
17
https://scontent.cdninstagram.com/hphotos-xaf1/t51.2885-15/s640x640/e35/sh0.08/10533342_116936615312498_1422115899_n.jpg
City:
Florianópolis - State of Santa Catarina, Brazil
Photo number:
18
https://scontent.cdninstagram.com/hphotos-xfa1/t51.2885-15/e15/11410385_404622263075959_731002618_n.jpg
City:
Madrid
Photo number:
19
https://scontent.cdninstagram.com/hphotos-xaf1/t51.2885-15/s640x640/e35/sh0.08/11376438_1465050997142620_1424922501_n.jpg
City:
Madrid
Photo number:
20
https://scontent.cdninstagram.com/hphotos-xfp1/t51.2885-15/s640x640/e15/10005283_834706466621040_1069949392_n.jpg
City:
Madrid
Photo number:
21
https://scontent.cdninstagram.com/hphotos-xaf1/t51.2885-15/s640x640/e35/sh0.08/11351587_378060845723458_1462819623_n.jpg
City:
Madrid
Photo number:
22
https://scontent.cdninstagram.com/hphotos-xpf1/t51.2885-15/s640x640/e15/10809973_1445943329048647_1647953144_n.jpg
City:
Madrid
Photo number:
23
https://scontent.cdninstagram.com/hphotos-xaf1/t51.2885-15/e15/11380927_446487902197675_1376565000_n.jpg
City:
Cotia
Photo number:
24
https://scontent.cdninstagram.com/hphotos-xaf1/l/t51.2885-15/s640x640/e15/11372406_855697267840804_752981960_n.jpg
City:
Cotia
Photo number:
25
https://scontent.cdninstagram.com/hphotos-xaf1/t51.2885-15/e15/11250045_127585057576537_1644970480_n.jpg
City:
Cotia
Photo number:
26
https://scontent.cdninstagram.com/hphotos-xfa1/t51.2885-15/s640x640/e15/11242631_375963812600504_754674350_n.jpg
City:
Cotia
Photo number:
27
https://scontent.cdninstagram.com/hphotos-xaf1/t51.2885-15/s640x640/e15/11380920_1471492886494327_1749673706_n.jpg
City:
Munich
Photo number:
28
https://scontent.cdninstagram.com/hphotos-xfa1/t51.2885-15/s640x640/e35/sh0.08/11373623_1470797639897701_464646694_n.jpg
City:
Munich
Photo number:
29
https://scontent.cdninstagram.com/hphotos-xap1/t51.2885-15/e15/926883_941466529250129_1410673865_n.jpg
City:
Munich
Photo number:
30
https://scontent.cdninstagram.com/hphotos-xpa1/t51.2885-15/s640x640/e35/sh0.08/11191285_1641864619386940_400982671_n.jpg
City:
Munich
Photo number:
31
https://scontent.cdninstagram.com/hphotos-xaf1/t51.2885-15/s640x640/e35/sh0.08/11379103_1768289460064477_1835286538_n.jpg
City:
Munich
Photo number:
32
https://scontent.cdninstagram.com/hphotos-xaf1/t51.2885-15/s640x640/e35/sh0.08/11381416_1465296903768682_606338517_n.jpg
City:
Moscow
Photo number:
33
https://scontent.cdninstagram.com/hphotos-xaf1/t51.2885-15/e15/11420904_1622533451328550_1657123441_n.jpg
City:
Moscow
Photo number:
34
https://scontent.cdninstagram.com/hphotos-xpa1/t51.2885-15/s640x640/e35/sh0.08/10518292_793125384117989_520782581_n.jpg
City:
Moscow
Photo number:
35
https://scontent.cdninstagram.com/hphotos-xtp1/t51.2885-15/e15/1799562_732167463558481_349332396_n.jpg
City:
Moscow
Photo number:
36
https://scontent.cdninstagram.com/hphotos-xaf1/t51.2885-15/s640x640/e35/sh0.08/11417284_369289856602276_1164319238_n.jpg
City:
Moscow
Photo number:
37
https://scontent.cdninstagram.com/hphotos-xaf1/t51.2885-15/e15/11355975_678524495612872_1639884341_n.jpg
That's it. Enjoy it

In [5]: 
